Using pre-set license
Built from '2020.3/staging' branch; Version is '2020.3.30f1 (1fb1bf06830e) revision 2077119'; Using compiler version '192528614'; Build Type 'Release'
OS: 'Windows 10  (10.0.19044) 64bit Professional' Language: 'en' Physical Memory: 15792 MB
BatchMode: 1, IsHumanControllingUs: 0, StartBugReporterOnCrash: 0, Is64bit: 1, IsPro: 0

COMMAND LINE ARGUMENTS:
C:\Program Files\Unity\Hub\Editor\2020.3.30f1\Editor\Unity.exe
-adb2
-batchMode
-noUpm
-name
AssetImportWorker0
-projectPath
C:/GameDev Work/Unity Projects/VFX Work/SimpleVFX
-logFile
Logs/AssetImportWorker0.log
-srvPort
58254
Successfully changed project path to: C:/GameDev Work/Unity Projects/VFX Work/SimpleVFX
C:/GameDev Work/Unity Projects/VFX Work/SimpleVFX
Using Asset Import Pipeline V2.
Refreshing native plugins compatible for Editor in 63.83 ms, found 5 plugins.
Preloading 0 native plugins for Editor in 0.00 ms.
Initialize engine version: 2020.3.30f1 (1fb1bf06830e)
[Subsystems] Discovering subsystems at path C:/Program Files/Unity/Hub/Editor/2020.3.30f1/Editor/Data/Resources/UnitySubsystems
[Subsystems] Discovering subsystems at path C:/GameDev Work/Unity Projects/VFX Work/SimpleVFX/Assets
GfxDevice: creating device client; threaded=0
Direct3D:
    Version:  Direct3D 11.0 [level 11.1]
    Renderer: NVIDIA GeForce RTX 3060 Laptop GPU (ID=0x2520)
    Vendor:   
    VRAM:     6023 MB
    Driver:   30.0.15.1179
Initialize mono
Mono path[0] = 'C:/Program Files/Unity/Hub/Editor/2020.3.30f1/Editor/Data/Managed'
Mono path[1] = 'C:/Program Files/Unity/Hub/Editor/2020.3.30f1/Editor/Data/MonoBleedingEdge/lib/mono/unityjit'
Mono config path = 'C:/Program Files/Unity/Hub/Editor/2020.3.30f1/Editor/Data/MonoBleedingEdge/etc'
Using monoOptions --debugger-agent=transport=dt_socket,embedding=1,server=y,suspend=n,address=127.0.0.1:56144
Begin MonoManager ReloadAssembly
Registering precompiled unity dll's ...
Register platform support module: C:/Program Files/Unity/Hub/Editor/2020.3.30f1/Editor/Data/PlaybackEngines/WebGLSupport/UnityEditor.WebGL.Extensions.dll
Register platform support module: C:/Program Files/Unity/Hub/Editor/2020.3.30f1/Editor/Data/PlaybackEngines/WindowsStandaloneSupport/UnityEditor.WindowsStandalone.Extensions.dll
Registered in 0.002654 seconds.
Native extension for WindowsStandalone target not found
Native extension for WebGL target not found
Refreshing native plugins compatible for Editor in 53.13 ms, found 5 plugins.
Preloading 0 native plugins for Editor in 0.00 ms.
Mono: successfully reloaded assembly
- Completed reload, in  0.571 seconds
Domain Reload Profiling:
	ReloadAssembly (572ms)
		BeginReloadAssembly (63ms)
			ExecutionOrderSort (0ms)
			DisableScriptedObjects (0ms)
			BackupInstance (0ms)
			ReleaseScriptingObjects (0ms)
			CreateAndSetChildDomain (1ms)
		EndReloadAssembly (432ms)
			LoadAssemblies (62ms)
			RebuildTransferFunctionScriptingTraits (0ms)
			SetupTypeCache (155ms)
			ReleaseScriptCaches (0ms)
			RebuildScriptCaches (22ms)
			SetupLoadedEditorAssemblies (161ms)
				LogAssemblyErrors (0ms)
				InitializePlatformSupportModulesInManaged (4ms)
				SetLoadedEditorAssemblies (0ms)
				RefreshPlugins (53ms)
				BeforeProcessingInitializeOnLoad (11ms)
				ProcessInitializeOnLoadAttributes (67ms)
				ProcessInitializeOnLoadMethodAttributes (25ms)
				AfterProcessingInitializeOnLoad (0ms)
				EditorAssembliesLoaded (0ms)
			ExecutionOrderSort2 (0ms)
			AwakeInstancesAfterBackupRestoration (0ms)
Platform modules already initialized, skipping
Registering precompiled user dll's ...
Registered in 0.003284 seconds.
Begin MonoManager ReloadAssembly
Native extension for WindowsStandalone target not found
Native extension for WebGL target not found
Refreshing native plugins compatible for Editor in 43.91 ms, found 5 plugins.
Preloading 0 native plugins for Editor in 0.00 ms.
Mono: successfully reloaded assembly
- Completed reload, in  0.841 seconds
Domain Reload Profiling:
	ReloadAssembly (841ms)
		BeginReloadAssembly (118ms)
			ExecutionOrderSort (0ms)
			DisableScriptedObjects (3ms)
			BackupInstance (0ms)
			ReleaseScriptingObjects (0ms)
			CreateAndSetChildDomain (18ms)
		EndReloadAssembly (681ms)
			LoadAssemblies (75ms)
			RebuildTransferFunctionScriptingTraits (0ms)
			SetupTypeCache (222ms)
			ReleaseScriptCaches (1ms)
			RebuildScriptCaches (48ms)
			SetupLoadedEditorAssemblies (265ms)
				LogAssemblyErrors (0ms)
				InitializePlatformSupportModulesInManaged (3ms)
				SetLoadedEditorAssemblies (0ms)
				RefreshPlugins (44ms)
				BeforeProcessingInitializeOnLoad (70ms)
				ProcessInitializeOnLoadAttributes (135ms)
				ProcessInitializeOnLoadMethodAttributes (8ms)
				AfterProcessingInitializeOnLoad (5ms)
				EditorAssembliesLoaded (0ms)
			ExecutionOrderSort2 (0ms)
			AwakeInstancesAfterBackupRestoration (4ms)
Platform modules already initialized, skipping
========================================================================
Worker process is ready to serve import requests
Launched and connected shader compiler UnityShaderCompiler.exe after 0.04 seconds
Refreshing native plugins compatible for Editor in 0.67 ms, found 5 plugins.
Preloading 0 native plugins for Editor in 0.00 ms.
Unloading 3369 Unused Serialized files (Serialized files now loaded: 0)
System memory in use before: 145.0 MB.
System memory in use after: 145.2 MB.

Unloading 24 unused Assets to reduce memory usage. Loaded Objects now: 3802.
Total: 3.155200 ms (FindLiveObjects: 0.250600 ms CreateObjectMapping: 0.146900 ms MarkObjects: 2.683700 ms  DeleteObjects: 0.073100 ms)

AssetImportParameters requested are different than current active one (requested -> active):
  custom:framework-win-MediaFoundation: 216162199b28c13a410421893ffa2e32 -> 
  custom:video-decoder-ogg-theora: a1e56fd34408186e4bbccfd4996cb3dc -> 
  custom:container-muxer-webm: aa71ff27fc2769a1b78a27578f13a17b -> 
  custom:container-demuxer-webm: 4f35f7cbe854078d1ac9338744f61a02 -> 
  custom:container-demuxer-ogg: 62fdf1f143b41e24485cea50d1cbac27 -> 
  custom:video-encoder-webm-vp8: eb34c28f22e8b96e1ab97ce403110664 -> 
  custom:video-decoder-webm-vp8: 9c59270c3fd7afecdb556c50c9e8de78 -> 
  custom:audio-decoder-ogg-vorbis: bf7c407c2cedff20999df2af8eb42d56 -> 
  custom:audio-encoder-webm-vorbis: bf7c407c2cedff20999df2af8eb42d56 -> 
========================================================================
Received Import Request.
  path: Assets/Textures/Circle01.png
  artifactKey: Guid(015a44318ec91e24ea8af877c266b567) Importer(815301076,1909f56bfc062723c751e8b465ee728b)
Start importing Assets/Textures/Circle01.png using Guid(015a44318ec91e24ea8af877c266b567) Importer(815301076,1909f56bfc062723c751e8b465ee728b)  -> (artifact id: '00000000000000000000000000000000') in 0.039464 seconds  code(4) message(Build asset version error: assets/textures/circle01.png in SourceAssetDB has modification time of '2022-03-04T22:54:59.423099Z' while content on disk has modification time of '2022-03-04T22:55:07.8100455Z')
  ERROR: Build asset version error: assets/textures/circle01.png in SourceAssetDB has modification time of '2022-03-04T22:54:59.423099Z' while content on disk has modification time of '2022-03-04T22:55:07.8100455Z'
========================================================================
Received Import Request.
  Time since last request: 13.071957 seconds.
  path: Assets/Textures/Circle01.png
  artifactKey: Guid(015a44318ec91e24ea8af877c266b567) Importer(815301076,1909f56bfc062723c751e8b465ee728b)
Start importing Assets/Textures/Circle01.png using Guid(015a44318ec91e24ea8af877c266b567) Importer(815301076,1909f56bfc062723c751e8b465ee728b)  -> (artifact id: '640f09977bcc7c918b216752f8e8038a') in 0.034722 seconds 
========================================================================
Received Import Request.
  Time since last request: 2.767869 seconds.
  path: Assets/Textures/Circle01.png
  artifactKey: Guid(015a44318ec91e24ea8af877c266b567) Importer(815301076,1909f56bfc062723c751e8b465ee728b)
Start importing Assets/Textures/Circle01.png using Guid(015a44318ec91e24ea8af877c266b567) Importer(815301076,1909f56bfc062723c751e8b465ee728b)  -> (artifact id: '59d061afdfc773966aefa7e029752d0f') in 0.012479 seconds 
========================================================================
Received Import Request.
  Time since last request: 159.123045 seconds.
  path: Assets/Textures/GroundMark01.png
  artifactKey: Guid(2d2573719e5b68e47b5ef83a600feb52) Importer(815301076,1909f56bfc062723c751e8b465ee728b)
Start importing Assets/Textures/GroundMark01.png using Guid(2d2573719e5b68e47b5ef83a600feb52) Importer(815301076,1909f56bfc062723c751e8b465ee728b)  -> (artifact id: '54555e0e438849360a94279d789da42d') in 0.013304 seconds 
========================================================================
Received Import Request.
  Time since last request: 2.453753 seconds.
  path: Assets/Textures/GroundMark01.png
  artifactKey: Guid(2d2573719e5b68e47b5ef83a600feb52) Importer(815301076,1909f56bfc062723c751e8b465ee728b)
Start importing Assets/Textures/GroundMark01.png using Guid(2d2573719e5b68e47b5ef83a600feb52) Importer(815301076,1909f56bfc062723c751e8b465ee728b)  -> (artifact id: '808aacd08716704ba65de8b38d63c2bb') in 0.013862 seconds 
AssetImportWorkerClient::OnTransportError - code=2 error=End of file
