Using pre-set license
Built from '2020.3/staging' branch; Version is '2020.3.30f1 (1fb1bf06830e) revision 2077119'; Using compiler version '192528614'; Build Type 'Release'
OS: 'Windows 10  (10.0.19044) 64bit Professional' Language: 'en' Physical Memory: 15792 MB
BatchMode: 1, IsHumanControllingUs: 0, StartBugReporterOnCrash: 0, Is64bit: 1, IsPro: 0

COMMAND LINE ARGUMENTS:
C:\Program Files\Unity\Hub\Editor\2020.3.30f1\Editor\Unity.exe
-adb2
-batchMode
-noUpm
-name
AssetImportWorker0
-projectPath
C:/GameDev Work/Unity Projects/VFX Work/SimpleVFX
-logFile
Logs/AssetImportWorker0.log
-srvPort
60332
Successfully changed project path to: C:/GameDev Work/Unity Projects/VFX Work/SimpleVFX
C:/GameDev Work/Unity Projects/VFX Work/SimpleVFX
Using Asset Import Pipeline V2.
Refreshing native plugins compatible for Editor in 41.79 ms, found 2 plugins.
Preloading 0 native plugins for Editor in 0.00 ms.
Initialize engine version: 2020.3.30f1 (1fb1bf06830e)
[Subsystems] Discovering subsystems at path C:/Program Files/Unity/Hub/Editor/2020.3.30f1/Editor/Data/Resources/UnitySubsystems
[Subsystems] Discovering subsystems at path C:/GameDev Work/Unity Projects/VFX Work/SimpleVFX/Assets
GfxDevice: creating device client; threaded=0
Direct3D:
    Version:  Direct3D 11.0 [level 11.1]
    Renderer: NVIDIA GeForce RTX 3060 Laptop GPU (ID=0x2520)
    Vendor:   
    VRAM:     6023 MB
    Driver:   30.0.15.1179
Initialize mono
Mono path[0] = 'C:/Program Files/Unity/Hub/Editor/2020.3.30f1/Editor/Data/Managed'
Mono path[1] = 'C:/Program Files/Unity/Hub/Editor/2020.3.30f1/Editor/Data/MonoBleedingEdge/lib/mono/unityjit'
Mono config path = 'C:/Program Files/Unity/Hub/Editor/2020.3.30f1/Editor/Data/MonoBleedingEdge/etc'
Using monoOptions --debugger-agent=transport=dt_socket,embedding=1,server=y,suspend=n,address=127.0.0.1:56892
Begin MonoManager ReloadAssembly
Registering precompiled unity dll's ...
Register platform support module: C:/Program Files/Unity/Hub/Editor/2020.3.30f1/Editor/Data/PlaybackEngines/WebGLSupport/UnityEditor.WebGL.Extensions.dll
Register platform support module: C:/Program Files/Unity/Hub/Editor/2020.3.30f1/Editor/Data/PlaybackEngines/WindowsStandaloneSupport/UnityEditor.WindowsStandalone.Extensions.dll
Registered in 0.001994 seconds.
Native extension for WindowsStandalone target not found
Native extension for WebGL target not found
Refreshing native plugins compatible for Editor in 49.53 ms, found 2 plugins.
Preloading 0 native plugins for Editor in 0.00 ms.
Mono: successfully reloaded assembly
- Completed reload, in  0.521 seconds
Domain Reload Profiling:
	ReloadAssembly (521ms)
		BeginReloadAssembly (60ms)
			ExecutionOrderSort (0ms)
			DisableScriptedObjects (0ms)
			BackupInstance (0ms)
			ReleaseScriptingObjects (0ms)
			CreateAndSetChildDomain (1ms)
		EndReloadAssembly (397ms)
			LoadAssemblies (58ms)
			RebuildTransferFunctionScriptingTraits (0ms)
			SetupTypeCache (125ms)
			ReleaseScriptCaches (0ms)
			RebuildScriptCaches (23ms)
			SetupLoadedEditorAssemblies (166ms)
				LogAssemblyErrors (0ms)
				InitializePlatformSupportModulesInManaged (6ms)
				SetLoadedEditorAssemblies (0ms)
				RefreshPlugins (50ms)
				BeforeProcessingInitializeOnLoad (14ms)
				ProcessInitializeOnLoadAttributes (72ms)
				ProcessInitializeOnLoadMethodAttributes (25ms)
				AfterProcessingInitializeOnLoad (0ms)
				EditorAssembliesLoaded (0ms)
			ExecutionOrderSort2 (0ms)
			AwakeInstancesAfterBackupRestoration (0ms)
Platform modules already initialized, skipping
Registering precompiled user dll's ...
Registered in 0.003254 seconds.
Begin MonoManager ReloadAssembly
Native extension for WindowsStandalone target not found
Native extension for WebGL target not found
Refreshing native plugins compatible for Editor in 55.02 ms, found 2 plugins.
Preloading 0 native plugins for Editor in 0.00 ms.
Mono: successfully reloaded assembly
- Completed reload, in  1.061 seconds
Domain Reload Profiling:
	ReloadAssembly (1062ms)
		BeginReloadAssembly (129ms)
			ExecutionOrderSort (0ms)
			DisableScriptedObjects (4ms)
			BackupInstance (0ms)
			ReleaseScriptingObjects (0ms)
			CreateAndSetChildDomain (24ms)
		EndReloadAssembly (876ms)
			LoadAssemblies (96ms)
			RebuildTransferFunctionScriptingTraits (0ms)
			SetupTypeCache (271ms)
			ReleaseScriptCaches (1ms)
			RebuildScriptCaches (64ms)
			SetupLoadedEditorAssemblies (352ms)
				LogAssemblyErrors (0ms)
				InitializePlatformSupportModulesInManaged (5ms)
				SetLoadedEditorAssemblies (0ms)
				RefreshPlugins (55ms)
				BeforeProcessingInitializeOnLoad (88ms)
				ProcessInitializeOnLoadAttributes (188ms)
				ProcessInitializeOnLoadMethodAttributes (11ms)
				AfterProcessingInitializeOnLoad (6ms)
				EditorAssembliesLoaded (0ms)
			ExecutionOrderSort2 (0ms)
			AwakeInstancesAfterBackupRestoration (6ms)
Platform modules already initialized, skipping
========================================================================
Worker process is ready to serve import requests
Launched and connected shader compiler UnityShaderCompiler.exe after 0.05 seconds
Refreshing native plugins compatible for Editor in 0.81 ms, found 2 plugins.
Preloading 0 native plugins for Editor in 0.00 ms.
Unloading 2898 Unused Serialized files (Serialized files now loaded: 0)
System memory in use before: 129.2 MB.
System memory in use after: 129.4 MB.

Unloading 17 unused Assets to reduce memory usage. Loaded Objects now: 3338.
Total: 3.810100 ms (FindLiveObjects: 0.286400 ms CreateObjectMapping: 0.178800 ms MarkObjects: 3.252000 ms  DeleteObjects: 0.091400 ms)

AssetImportParameters requested are different than current active one (requested -> active):
  custom:framework-win-MediaFoundation: 216162199b28c13a410421893ffa2e32 -> 
  custom:video-decoder-ogg-theora: a1e56fd34408186e4bbccfd4996cb3dc -> 
  custom:container-muxer-webm: aa71ff27fc2769a1b78a27578f13a17b -> 
  custom:container-demuxer-webm: 4f35f7cbe854078d1ac9338744f61a02 -> 
  custom:container-demuxer-ogg: 62fdf1f143b41e24485cea50d1cbac27 -> 
  custom:video-encoder-webm-vp8: eb34c28f22e8b96e1ab97ce403110664 -> 
  custom:video-decoder-webm-vp8: 9c59270c3fd7afecdb556c50c9e8de78 -> 
  custom:audio-decoder-ogg-vorbis: bf7c407c2cedff20999df2af8eb42d56 -> 
  custom:audio-encoder-webm-vorbis: bf7c407c2cedff20999df2af8eb42d56 -> 
========================================================================
Received Import Request.
  path: Assets/Demo/Scenes/Demo.unity
  artifactKey: Guid(3bed07beb772dee4b85fa5517c51cc62) Importer(815301076,1909f56bfc062723c751e8b465ee728b)
Start importing Assets/Demo/Scenes/Demo.unity using Guid(3bed07beb772dee4b85fa5517c51cc62) Importer(815301076,1909f56bfc062723c751e8b465ee728b)  -> (artifact id: '9265c709b6b28c18a29c99a6918c9311') in 0.022139 seconds 
========================================================================
Received Prepare
Registering precompiled user dll's ...
Registered in 0.003542 seconds.
Begin MonoManager ReloadAssembly
Native extension for WindowsStandalone target not found
Native extension for WebGL target not found
Refreshing native plugins compatible for Editor in 0.64 ms, found 5 plugins.
Preloading 0 native plugins for Editor in 0.00 ms.
Mono: successfully reloaded assembly
- Completed reload, in  0.805 seconds
Domain Reload Profiling:
	ReloadAssembly (805ms)
		BeginReloadAssembly (116ms)
			ExecutionOrderSort (0ms)
			DisableScriptedObjects (3ms)
			BackupInstance (0ms)
			ReleaseScriptingObjects (0ms)
			CreateAndSetChildDomain (37ms)
		EndReloadAssembly (642ms)
			LoadAssemblies (94ms)
			RebuildTransferFunctionScriptingTraits (0ms)
			SetupTypeCache (229ms)
			ReleaseScriptCaches (1ms)
			RebuildScriptCaches (43ms)
			SetupLoadedEditorAssemblies (222ms)
				LogAssemblyErrors (0ms)
				InitializePlatformSupportModulesInManaged (4ms)
				SetLoadedEditorAssemblies (0ms)
				RefreshPlugins (1ms)
				BeforeProcessingInitializeOnLoad (70ms)
				ProcessInitializeOnLoadAttributes (135ms)
				ProcessInitializeOnLoadMethodAttributes (8ms)
				AfterProcessingInitializeOnLoad (5ms)
				EditorAssembliesLoaded (0ms)
			ExecutionOrderSort2 (0ms)
			AwakeInstancesAfterBackupRestoration (7ms)
Platform modules already initialized, skipping
Refreshing native plugins compatible for Editor in 0.64 ms, found 5 plugins.
Preloading 0 native plugins for Editor in 0.00 ms.
Unloading 3249 Unused Serialized files (Serialized files now loaded: 0)
System memory in use before: 135.9 MB.
System memory in use after: 136.0 MB.

Unloading 25 unused Assets to reduce memory usage. Loaded Objects now: 3798.
Total: 3.155300 ms (FindLiveObjects: 0.288700 ms CreateObjectMapping: 0.174600 ms MarkObjects: 2.561100 ms  DeleteObjects: 0.130100 ms)

AssetImportParameters requested are different than current active one (requested -> active):
  custom:framework-win-MediaFoundation: 216162199b28c13a410421893ffa2e32 -> 
  custom:video-decoder-ogg-theora: a1e56fd34408186e4bbccfd4996cb3dc -> 
  custom:container-muxer-webm: aa71ff27fc2769a1b78a27578f13a17b -> 
  custom:container-demuxer-webm: 4f35f7cbe854078d1ac9338744f61a02 -> 
  custom:container-demuxer-ogg: 62fdf1f143b41e24485cea50d1cbac27 -> 
  custom:video-encoder-webm-vp8: eb34c28f22e8b96e1ab97ce403110664 -> 
  custom:video-decoder-webm-vp8: 9c59270c3fd7afecdb556c50c9e8de78 -> 
  custom:audio-decoder-ogg-vorbis: bf7c407c2cedff20999df2af8eb42d56 -> 
  custom:audio-encoder-webm-vorbis: bf7c407c2cedff20999df2af8eb42d56 -> 
========================================================================
Received Import Request.
  Time since last request: 272.697555 seconds.
  path: Assets/VFX Graphs/vfxgraph_Dome.vfx
  artifactKey: Guid(f66e1e9b33874164a98c23e46b601d27) Importer(815301076,1909f56bfc062723c751e8b465ee728b)
Start importing Assets/VFX Graphs/vfxgraph_Dome.vfx using Guid(f66e1e9b33874164a98c23e46b601d27) Importer(815301076,1909f56bfc062723c751e8b465ee728b)  -> (artifact id: 'c5e155f5cdb9d6a66fd2e9df89a8e954') in 0.035481 seconds 
========================================================================
Received Import Request.
  Time since last request: 18.275544 seconds.
  path: Assets/VFX Graphs/vfxgraph_Dome.vfx
  artifactKey: Guid(f66e1e9b33874164a98c23e46b601d27) Importer(815301076,1909f56bfc062723c751e8b465ee728b)
Start importing Assets/VFX Graphs/vfxgraph_Dome.vfx using Guid(f66e1e9b33874164a98c23e46b601d27) Importer(815301076,1909f56bfc062723c751e8b465ee728b)  -> (artifact id: 'e0106f576af617ac73a57477752345d0') in 0.003356 seconds 
========================================================================
Received Import Request.
  Time since last request: 79.430969 seconds.
  path: Assets/VFX Graphs/vfxgraph_Dome.vfx
  artifactKey: Guid(f66e1e9b33874164a98c23e46b601d27) Importer(815301076,1909f56bfc062723c751e8b465ee728b)
Start importing Assets/VFX Graphs/vfxgraph_Dome.vfx using Guid(f66e1e9b33874164a98c23e46b601d27) Importer(815301076,1909f56bfc062723c751e8b465ee728b)  -> (artifact id: '0fa65cfd655138c3dc638edcbd960805') in 0.002960 seconds 
========================================================================
Received Import Request.
  Time since last request: 88.790006 seconds.
  path: Assets/VFX Graphs/vfxgraph_Dome.vfx
  artifactKey: Guid(f66e1e9b33874164a98c23e46b601d27) Importer(815301076,1909f56bfc062723c751e8b465ee728b)
Start importing Assets/VFX Graphs/vfxgraph_Dome.vfx using Guid(f66e1e9b33874164a98c23e46b601d27) Importer(815301076,1909f56bfc062723c751e8b465ee728b)  -> (artifact id: 'ba3fa549202176bd21ec945ed98d1663') in 0.004371 seconds 
========================================================================
Received Import Request.
  Time since last request: 276.925509 seconds.
  path: Assets/VFX Graphs/vfxgraph_Dome.vfx
  artifactKey: Guid(f66e1e9b33874164a98c23e46b601d27) Importer(815301076,1909f56bfc062723c751e8b465ee728b)
Start importing Assets/VFX Graphs/vfxgraph_Dome.vfx using Guid(f66e1e9b33874164a98c23e46b601d27) Importer(815301076,1909f56bfc062723c751e8b465ee728b)  -> (artifact id: 'ce6c123fe2a58b56a8a0e691e9f1da09') in 0.004632 seconds 
========================================================================
Received Import Request.
  Time since last request: 43.140855 seconds.
  path: Assets/VFX Graphs/vfxgraph_Dome.vfx
  artifactKey: Guid(f66e1e9b33874164a98c23e46b601d27) Importer(815301076,1909f56bfc062723c751e8b465ee728b)
Start importing Assets/VFX Graphs/vfxgraph_Dome.vfx using Guid(f66e1e9b33874164a98c23e46b601d27) Importer(815301076,1909f56bfc062723c751e8b465ee728b)  -> (artifact id: '1dfb32922d58cfa5e705860b02581fbc') in 0.003293 seconds 
========================================================================
Received Import Request.
  Time since last request: 91.111096 seconds.
  path: Assets/VFX Graphs/vfxgraph_Dome.vfx
  artifactKey: Guid(f66e1e9b33874164a98c23e46b601d27) Importer(815301076,1909f56bfc062723c751e8b465ee728b)
Start importing Assets/VFX Graphs/vfxgraph_Dome.vfx using Guid(f66e1e9b33874164a98c23e46b601d27) Importer(815301076,1909f56bfc062723c751e8b465ee728b)  -> (artifact id: 'c7c690f266a36c4e51afacd273e6235e') in 0.002997 seconds 
========================================================================
Received Import Request.
  Time since last request: 13.292262 seconds.
  path: Assets/VFX Graphs/vfxgraph_Dome.vfx
  artifactKey: Guid(f66e1e9b33874164a98c23e46b601d27) Importer(815301076,1909f56bfc062723c751e8b465ee728b)
Start importing Assets/VFX Graphs/vfxgraph_Dome.vfx using Guid(f66e1e9b33874164a98c23e46b601d27) Importer(815301076,1909f56bfc062723c751e8b465ee728b)  -> (artifact id: '88365b2296ecde38aea1f43810e48236') in 0.003040 seconds 
========================================================================
Received Import Request.
  Time since last request: 17.391545 seconds.
  path: Assets/VFX Graphs/vfxgraph_Dome.vfx
  artifactKey: Guid(f66e1e9b33874164a98c23e46b601d27) Importer(815301076,1909f56bfc062723c751e8b465ee728b)
Start importing Assets/VFX Graphs/vfxgraph_Dome.vfx using Guid(f66e1e9b33874164a98c23e46b601d27) Importer(815301076,1909f56bfc062723c751e8b465ee728b)  -> (artifact id: 'd1b0c105d8620404d7397f360beb6259') in 0.003215 seconds 
========================================================================
Received Prepare
Registering precompiled user dll's ...
Registered in 0.003554 seconds.
Begin MonoManager ReloadAssembly
Native extension for WindowsStandalone target not found
Native extension for WebGL target not found
Refreshing native plugins compatible for Editor in 0.74 ms, found 5 plugins.
Preloading 0 native plugins for Editor in 0.00 ms.
Mono: successfully reloaded assembly
- Completed reload, in  0.899 seconds
Domain Reload Profiling:
	ReloadAssembly (900ms)
		BeginReloadAssembly (121ms)
			ExecutionOrderSort (0ms)
			DisableScriptedObjects (4ms)
			BackupInstance (0ms)
			ReleaseScriptingObjects (0ms)
			CreateAndSetChildDomain (44ms)
		EndReloadAssembly (726ms)
			LoadAssemblies (101ms)
			RebuildTransferFunctionScriptingTraits (0ms)
			SetupTypeCache (263ms)
			ReleaseScriptCaches (2ms)
			RebuildScriptCaches (51ms)
			SetupLoadedEditorAssemblies (251ms)
				LogAssemblyErrors (0ms)
				InitializePlatformSupportModulesInManaged (4ms)
				SetLoadedEditorAssemblies (0ms)
				RefreshPlugins (1ms)
				BeforeProcessingInitializeOnLoad (85ms)
				ProcessInitializeOnLoadAttributes (148ms)
				ProcessInitializeOnLoadMethodAttributes (7ms)
				AfterProcessingInitializeOnLoad (5ms)
				EditorAssembliesLoaded (0ms)
			ExecutionOrderSort2 (0ms)
			AwakeInstancesAfterBackupRestoration (7ms)
Platform modules already initialized, skipping
Refreshing native plugins compatible for Editor in 0.63 ms, found 5 plugins.
Preloading 0 native plugins for Editor in 0.00 ms.
Unloading 3249 Unused Serialized files (Serialized files now loaded: 0)
System memory in use before: 136.0 MB.
System memory in use after: 136.0 MB.

Unloading 25 unused Assets to reduce memory usage. Loaded Objects now: 3800.
Total: 3.075900 ms (FindLiveObjects: 0.259800 ms CreateObjectMapping: 0.154200 ms MarkObjects: 2.528500 ms  DeleteObjects: 0.132700 ms)

AssetImportParameters requested are different than current active one (requested -> active):
  custom:framework-win-MediaFoundation: 216162199b28c13a410421893ffa2e32 -> 
  custom:video-decoder-ogg-theora: a1e56fd34408186e4bbccfd4996cb3dc -> 
  custom:container-muxer-webm: aa71ff27fc2769a1b78a27578f13a17b -> 
  custom:container-demuxer-webm: 4f35f7cbe854078d1ac9338744f61a02 -> 
  custom:container-demuxer-ogg: 62fdf1f143b41e24485cea50d1cbac27 -> 
  custom:video-encoder-webm-vp8: eb34c28f22e8b96e1ab97ce403110664 -> 
  custom:video-decoder-webm-vp8: 9c59270c3fd7afecdb556c50c9e8de78 -> 
  custom:audio-decoder-ogg-vorbis: bf7c407c2cedff20999df2af8eb42d56 -> 
  custom:audio-encoder-webm-vorbis: bf7c407c2cedff20999df2af8eb42d56 -> 
AssetImportWorkerClient::OnTransportError - code=2 error=End of file
